<?xml version="1.0" encoding="UTF-8"?>
<!-- Generated by org.testng.reporters.JUnitReportReporter -->
<testsuite hostname="DESKTOP-MG56N09" failures="0" tests="1" name="testngrunner.TestNGCucumberRunner" time="43.308" errors="0" timestamp="2023-01-13T13:35:22 IST" skipped="0">
  <testcase classname="testngrunner.TestNGCucumberRunner" name="runScenario" time="43.308"/>
  <system-out/>
</testsuite> <!-- testngrunner.TestNGCucumberRunner -->
